<?xml version="1.0" encoding="UTF-8"?>
<!-- Generated by org.testng.reporters.JUnitReportReporter -->
<testsuite hostname="Rahul" failures="0" tests="1" name="SauceDemoProjectTests.LoginTest" time="9.061" errors="0" timestamp="2024-03-01T13:12:39 IST" skipped="0">
  <testcase classname="SauceDemoProjectTests.LoginTest" name="verifyLoginTest" time="9.061"/>
  <system-out/>
</testsuite> <!-- SauceDemoProjectTests.LoginTest -->
